demo/build/outputs/logs/manifest-merger-debug-report.txt
-- Merging decision tree log ---
manifest
ADDED from src/main/AndroidManifest.xml:2:1-31:12
	package
		ADDED from src/main/AndroidManifest.xml:3:3-43
	android:versionName
		ADDED from src/main/AndroidManifest.xml:6:3-28
		INJECTED from src/main/AndroidManifest.xml
		INJECTED from src/main/AndroidManifest.xml
	android:versionCode
		ADDED from src/main/AndroidManifest.xml:5:3-26
		INJECTED from src/main/AndroidManifest.xml
		INJECTED from src/main/AndroidManifest.xml
	xmlns:android
		ADDED from src/main/AndroidManifest.xml:4:3-61
uses-permission#android.permission.WRITE_EXTERNAL_STORAGE
ADDED from src/main/AndroidManifest.xml:8:3-78
MERGED from [com.squareup.leakcanary:leakcanary-android:1.5] AndroidManifest.xml:26:5-81
MERGED from [cwac-cam2:cam2:unspecified] AndroidManifest.xml:10:5-81
	android:name
		ADDED from src/main/AndroidManifest.xml:8:20-76
application
ADDED from src/main/AndroidManifest.xml:10:3-29:17
MERGED from [com.commonsware.cwac:security:0.6.3] AndroidManifest.xml:11:5-20
MERGED from [com.squareup.leakcanary:leakcanary-android:1.5] AndroidManifest.xml:28:5-57:19
MERGED from [cwac-cam2:cam2:unspecified] AndroidManifest.xml:26:5-29:19
MERGED from [com.github.clans:fab:1.6.4] AndroidManifest.xml:12:5-20
	android:label
		ADDED from src/main/AndroidManifest.xml:14:5-37
	android:allowBackup
		ADDED from src/main/AndroidManifest.xml:11:5-32
	android:icon
		ADDED from src/main/AndroidManifest.xml:13:5-41
	android:theme
		ADDED from src/main/AndroidManifest.xml:15:5-36
	android:name
		ADDED from src/main/AndroidManifest.xml:12:5-34
activity#com.commonsware.cwac.cam2.demo.MainActivity
ADDED from src/main/AndroidManifest.xml:16:5-24:16
	android:label
		ADDED from src/main/AndroidManifest.xml:18:7-39
	android:name
		ADDED from src/main/AndroidManifest.xml:17:7-34
intent-filter#android.intent.action.MAIN+android.intent.category.LAUNCHER
ADDED from src/main/AndroidManifest.xml:19:7-23:23
action#android.intent.action.MAIN
ADDED from src/main/AndroidManifest.xml:20:9-60
	android:name
		ADDED from src/main/AndroidManifest.xml:20:17-58
category#android.intent.category.LAUNCHER
ADDED from src/main/AndroidManifest.xml:22:9-68
	android:name
		ADDED from src/main/AndroidManifest.xml:22:19-66
activity#com.commonsware.cwac.cam2.CameraActivity
ADDED from src/main/AndroidManifest.xml:25:5-28:40
MERGED from [cwac-cam2:cam2:unspecified] AndroidManifest.xml:27:9-77
	android:process
		ADDED from src/main/AndroidManifest.xml:27:7-35
	android:theme
		ADDED from src/main/AndroidManifest.xml:28:7-38
	android:name
		ADDED from src/main/AndroidManifest.xml:26:7-62
uses-sdk
INJECTED from src/main/AndroidManifest.xml reason: use-sdk injection requested
MERGED from [com.commonsware.cwac:security:0.6.3] AndroidManifest.xml:7:5-9:41
MERGED from [com.squareup.leakcanary:leakcanary-android:1.5] AndroidManifest.xml:20:5-22:41
MERGED from [cwac-cam2:cam2:unspecified] AndroidManifest.xml:5:5-7:41
MERGED from [com.github.clans:fab:1.6.4] AndroidManifest.xml:8:5-10:41
	android:targetSdkVersion
		INJECTED from src/main/AndroidManifest.xml
		INJECTED from src/main/AndroidManifest.xml
	android:minSdkVersion
		INJECTED from src/main/AndroidManifest.xml
		INJECTED from src/main/AndroidManifest.xml
uses-permission#android.permission.READ_EXTERNAL_STORAGE
ADDED from [com.squareup.leakcanary:leakcanary-android:1.5] AndroidManifest.xml:25:5-80
IMPLIED from src/main/AndroidManifest.xml:2:1-31:12 reason: com.squareup.leakcanary requested WRITE_EXTERNAL_STORAGE
	android:name
		ADDED from [com.squareup.leakcanary:leakcanary-android:1.5] AndroidManifest.xml:25:22-77
service#com.squareup.leakcanary.internal.HeapAnalyzerService
ADDED from [com.squareup.leakcanary:leakcanary-android:1.5] AndroidManifest.xml:29:9-32:45
	android:enabled
		ADDED from [com.squareup.leakcanary:leakcanary-android:1.5] AndroidManifest.xml:31:13-36
	android:process
		ADDED from [com.squareup.leakcanary:leakcanary-android:1.5] AndroidManifest.xml:32:13-42
	android:name
		ADDED from [com.squareup.leakcanary:leakcanary-android:1.5] AndroidManifest.xml:30:13-80
service#com.squareup.leakcanary.DisplayLeakService
ADDED from [com.squareup.leakcanary:leakcanary-android:1.5] AndroidManifest.xml:33:9-35:39
	android:enabled
		ADDED from [com.squareup.leakcanary:leakcanary-android:1.5] AndroidManifest.xml:35:13-36
	android:name
		ADDED from [com.squareup.leakcanary:leakcanary-android:1.5] AndroidManifest.xml:34:13-70
activity#com.squareup.leakcanary.internal.DisplayLeakActivity
ADDED from [com.squareup.leakcanary:leakcanary-android:1.5] AndroidManifest.xml:37:9-49:20
	android:enabled
		ADDED from [com.squareup.leakcanary:leakcanary-android:1.5] AndroidManifest.xml:39:13-36
	android:label
		ADDED from [com.squareup.leakcanary:leakcanary-android:1.5] AndroidManifest.xml:41:13-71
	android:icon
		ADDED from [com.squareup.leakcanary:leakcanary-android:1.5] AndroidManifest.xml:40:13-54
	android:theme
		ADDED from [com.squareup.leakcanary:leakcanary-android:1.5] AndroidManifest.xml:43:13-63
	android:taskAffinity
		ADDED from [com.squareup.leakcanary:leakcanary-android:1.5] AndroidManifest.xml:42:13-59
	android:name
		ADDED from [com.squareup.leakcanary:leakcanary-android:1.5] AndroidManifest.xml:38:13-80
activity#com.squareup.leakcanary.internal.RequestStoragePermissionActivity
ADDED from [com.squareup.leakcanary:leakcanary-android:1.5] AndroidManifest.xml:50:9-56:68
	android:enabled
		ADDED from [com.squareup.leakcanary:leakcanary-android:1.5] AndroidManifest.xml:52:13-36
	android:label
		ADDED from [com.squareup.leakcanary:leakcanary-android:1.5] AndroidManifest.xml:54:13-82
	android:icon
		ADDED from [com.squareup.leakcanary:leakcanary-android:1.5] AndroidManifest.xml:53:13-54
	android:theme
		ADDED from [com.squareup.leakcanary:leakcanary-android:1.5] AndroidManifest.xml:56:13-65
	android:taskAffinity
		ADDED from [com.squareup.leakcanary:leakcanary-android:1.5] AndroidManifest.xml:55:13-59
	android:name
		ADDED from [com.squareup.leakcanary:leakcanary-android:1.5] AndroidManifest.xml:51:13-93
uses-permission#android.permission.CAMERA
ADDED from [cwac-cam2:cam2:unspecified] AndroidManifest.xml:9:5-65
	android:name
		ADDED from [cwac-cam2:cam2:unspecified] AndroidManifest.xml:9:22-62
uses-permission#android.permission.RECORD_AUDIO
ADDED from [cwac-cam2:cam2:unspecified] AndroidManifest.xml:11:5-71
	android:name
		ADDED from [cwac-cam2:cam2:unspecified] AndroidManifest.xml:11:22-68
uses-feature#android.hardware.camera
ADDED from [cwac-cam2:cam2:unspecified] AndroidManifest.xml:13:5-15:35
	android:required
		ADDED from [cwac-cam2:cam2:unspecified] AndroidManifest.xml:15:9-32
	android:name
		ADDED from [cwac-cam2:cam2:unspecified] AndroidManifest.xml:14:9-47
uses-feature#android.hardware.camera.front
ADDED from [cwac-cam2:cam2:unspecified] AndroidManifest.xml:16:5-18:36
	android:required
		ADDED from [cwac-cam2:cam2:unspecified] AndroidManifest.xml:18:9-33
	android:name
		ADDED from [cwac-cam2:cam2:unspecified] AndroidManifest.xml:17:9-53
uses-feature#android.hardware.camera.autofocus
ADDED from [cwac-cam2:cam2:unspecified] AndroidManifest.xml:19:5-21:36
	android:required
		ADDED from [cwac-cam2:cam2:unspecified] AndroidManifest.xml:21:9-33
	android:name
		ADDED from [cwac-cam2:cam2:unspecified] AndroidManifest.xml:20:9-57
uses-feature#android.hardware.microphone
ADDED from [cwac-cam2:cam2:unspecified] AndroidManifest.xml:22:5-24:36
	android:required
		ADDED from [cwac-cam2:cam2:unspecified] AndroidManifest.xml:24:9-33
	android:name
		ADDED from [cwac-cam2:cam2:unspecified] AndroidManifest.xml:23:9-51
activity#com.commonsware.cwac.cam2.VideoRecorderActivity
ADDED from [cwac-cam2:cam2:unspecified] AndroidManifest.xml:28:9-84
	android:name
		ADDED from [cwac-cam2:cam2:unspecified] AndroidManifest.xml:28:19-81